<?xml version="1.0" encoding="UTF-8"?>
<!-- Generated by org.testng.reporters.JUnitReportReporter -->
<testsuite skipped="0" hostname="Lenovo" name="actionsonjqueryui.ActionsJqueryTest" tests="3" failures="0" timestamp="25 Sep 2020 08:49:32 GMT" time="65.029" errors="0">
  <testcase name="performMouseActions" time="15.777" classname="actionsonjqueryui.ActionsJqueryTest"/>
  <testcase name="shiftKeyActiononSearchBox" time="23.945" classname="actionsonjqueryui.ActionsJqueryTest"/>
  <testcase name="actionOnDrop" time="25.307" classname="actionsonjqueryui.ActionsJqueryTest"/>
</testsuite> <!-- actionsonjqueryui.ActionsJqueryTest -->
