<?xml version="1.0" encoding="UTF-8"?>
<!-- Generated by org.testng.reporters.JUnitReportReporter -->
<testsuite skipped="0" hostname="Lenovo" name="actionsonjqueryui.DatePicker_Calender" tests="1" failures="0" timestamp="25 Sep 2020 10:04:17 GMT" time="72.445" errors="0">
  <testcase name="clickonCalender" time="72.445" classname="actionsonjqueryui.DatePicker_Calender"/>
</testsuite> <!-- actionsonjqueryui.DatePicker_Calender -->
